

Microchip MPLAB XC8 Assembler V2.10 build 88905656 
                                                                                               Sun Apr 05 12:44:30 2020

Microchip MPLAB XC8 C Compiler v2.10 (Free license) build 20190730164152 Og1 
     1                           	processor	18F45K20
     2                           	fnconf	rparam,??,?,0
     3                           	opt	pw 120
     4                           	opt	flic
     5                           	psect	cinit,global,reloc=2,class=CODE,delta=1
     6                           	psect	cstackCOMRAM,global,class=COMRAM,space=1,delta=1,noexec
     7                           	psect	text0,global,reloc=2,class=CODE,delta=1
     8                           	psect	text1,global,reloc=2,class=CODE,delta=1
     9                           	psect	text2,global,reloc=2,class=CODE,delta=1
    10                           	psect	text3,global,reloc=2,class=CODE,delta=1
    11                           	psect	text4,global,reloc=2,class=CODE,delta=1
    12                           	psect	intsave_regs,global,class=BIGRAM,space=1,delta=1,noexec
    13                           	psect	rparam,global,class=COMRAM,space=1,delta=1,noexec
    14  0000                     
    15                           ; Version 2.10
    16                           ; Generated 31/07/2019 GMT
    17                           ; 
    18                           ; Copyright © 2019, Microchip Technology Inc. and its subsidiaries ("Microchip")
    19                           ; All rights reserved.
    20                           ; 
    21                           ; This software is developed by Microchip Technology Inc. and its subsidiaries ("Microch
      +                          ip").
    22                           ; 
    23                           ; Redistribution and use in source and binary forms, with or without modification, are
    24                           ; permitted provided that the following conditions are met:
    25                           ; 
    26                           ;     1. Redistributions of source code must retain the above copyright notice, this lis
      +                          t of
    27                           ;        conditions and the following disclaimer.
    28                           ; 
    29                           ;     2. Redistributions in binary form must reproduce the above copyright notice, this 
      +                          list
    30                           ;        of conditions and the following disclaimer in the documentation and/or other
    31                           ;        materials provided with the distribution.
    32                           ; 
    33                           ;     3. Microchip's name may not be used to endorse or promote products derived from th
      +                          is
    34                           ;        software without specific prior written permission.
    35                           ; 
    36                           ; THIS SOFTWARE IS PROVIDED BY MICROCHIP "AS IS" AND ANY EXPRESS OR IMPLIED WARRANTIES,
    37                           ; INCLUDING, BUT NOT LIMITED TO, THE IMPLIED WARRANTIES OF MERCHANTABILITY AND FITNESS F
      +                          OR
    38                           ; PURPOSE ARE DISCLAIMED.  IN NO EVENT SHALL MICROCHIP BE LIABLE FOR ANY DIRECT, INDIREC
      +                          T,
    39                           ; INCIDENTAL, SPECIAL, EXEMPLARY, OR CONSEQUENTIAL DAMAGES (INCLUDING BUT NOT LIMITED TO
    40                           ; PROCUREMENT OF SUBSTITUTE GOODS OR SERVICES; LOSS OF USE, DATA OR PROFITS; OR BUSINESS
    41                           ; INTERRUPTION) HOWSOEVER CAUSED AND ON ANY THEORY OF LIABILITY, WHETHER IN CONTRACT, ST
      +                          RICT
    42                           ; LIABILITY, OR TORT (INCLUDING NEGLIGENCE OR OTHERWISE) ARISING IN ANY WAY OUT OF THE U
      +                          SE OF
    43                           ; THIS SOFTWARE, EVEN IF ADVISED OF THE POSSIBILITY OF SUCH DAMAGE.
    44                           ; 
    45                           ; 
    46                           ; Code-generator required, PIC18F45K20 Definitions
    47                           ; 
    48                           ; SFR Addresses
    49  0000                     _LATC	set	3979
    50  0000                     _ANSELH	set	3967
    51  0000                     _ANSEL	set	3966
    52  0000                     _LATD	set	3980
    53  0000                     _LATA	set	3977
    54  0000                     _TRISEbits	set	3990
    55  0000                     _TRISD	set	3989
    56  0000                     _TRISBbits	set	3987
    57  0000                     _TRISC	set	3988
    58  0000                     _TRISA	set	3986
    59  0000                     _LATBbits	set	3978
    60  0000                     _LATEbits	set	3981
    61  0000                     _T3CON	set	4017
    62  0000                     _OSCCON	set	4051
    63  0000                     _T0CON	set	4053
    64                           
    65                           ; #config settings
    66  0000                     
    67                           	psect	cinit
    68  007D6C                     __pcinit:
    69                           	opt callstack 0
    70  007D6C                     start_initialization:
    71                           	opt callstack 0
    72  007D6C                     __initialization:
    73                           	opt callstack 0
    74  007D6C                     end_of_initialization:
    75                           	opt callstack 0
    76  007D6C                     __end_of__initialization:
    77                           	opt callstack 0
    78  007D6C  0100               	movlb	0
    79  007D6E  EFC0  F03E         	goto	_main	;jump to C main() function
    80                           
    81                           	psect	cstackCOMRAM
    82  000001                     __pcstackCOMRAM:
    83                           	opt callstack 0
    84  000001                     
    85                           ; 1 bytes @ 0x0
    86  000001                     	ds	1
    87  000002                     
    88                           ; 1 bytes @ 0x1
    89 ;;
    90 ;;Main: autosize = 0, tempsize = 0, incstack = 0, save=0
    91 ;;
    92 ;; *************** function _main *****************
    93 ;; Defined at:
    94 ;;		line 70 in file "../main.c"
    95 ;; Parameters:    Size  Location     Type
    96 ;;		None
    97 ;; Auto vars:     Size  Location     Type
    98 ;;		None
    99 ;; Return value:  Size  Location     Type
   100 ;;                  1    wreg      void 
   101 ;; Registers used:
   102 ;;		wreg, status,2, cstack
   103 ;; Tracked objects:
   104 ;;		On entry : 0/0
   105 ;;		On exit  : 0/0
   106 ;;		Unchanged: 0/0
   107 ;; Data sizes:     COMRAM   BANK0   BANK1   BANK2   BANK3   BANK4   BANK5
   108 ;;      Params:         0       0       0       0       0       0       0
   109 ;;      Locals:         0       0       0       0       0       0       0
   110 ;;      Temps:          0       0       0       0       0       0       0
   111 ;;      Totals:         0       0       0       0       0       0       0
   112 ;;Total ram usage:        0 bytes
   113 ;; Hardware stack levels required when called:    2
   114 ;; This function calls:
   115 ;;		_setup
   116 ;; This function is called by:
   117 ;;		Startup code after reset
   118 ;; This function uses a non-reentrant model
   119 ;;
   120                           
   121                           	psect	text0
   122  007D80                     __ptext0:
   123                           	opt callstack 0
   124  007D80                     _main:
   125                           	opt callstack 29
   126  007D80                     
   127                           ;../main.c: 72:     setup();
   128  007D80  ECB9  F03E         	call	_setup	;wreg free
   129  007D84                     l822:
   130                           
   131                           ;../main.c: 77:    {;../main.c: 79:         LATBbits.LB2 = 1;
   132  007D84  848A               	bsf	138,2,c	;volatile
   133  007D86  EFC2  F03E         	goto	l822
   134  007D8A  EF00  F000         	goto	start
   135  007D8E                     __end_of_main:
   136                           	opt callstack 0
   137                           
   138 ;; *************** function _setup *****************
   139 ;; Defined at:
   140 ;;		line 101 in file "../setup.c"
   141 ;; Parameters:    Size  Location     Type
   142 ;;		None
   143 ;; Auto vars:     Size  Location     Type
   144 ;;		None
   145 ;; Return value:  Size  Location     Type
   146 ;;                  1    wreg      void 
   147 ;; Registers used:
   148 ;;		wreg, status,2, cstack
   149 ;; Tracked objects:
   150 ;;		On entry : 0/0
   151 ;;		On exit  : 0/0
   152 ;;		Unchanged: 0/0
   153 ;; Data sizes:     COMRAM   BANK0   BANK1   BANK2   BANK3   BANK4   BANK5
   154 ;;      Params:         0       0       0       0       0       0       0
   155 ;;      Locals:         0       0       0       0       0       0       0
   156 ;;      Temps:          0       0       0       0       0       0       0
   157 ;;      Totals:         0       0       0       0       0       0       0
   158 ;;Total ram usage:        0 bytes
   159 ;; Hardware stack levels used:    1
   160 ;; Hardware stack levels required when called:    1
   161 ;; This function calls:
   162 ;;		_IO_setup
   163 ;;		_Timer_and_Interrupt_setup
   164 ;;		_flash_LEDs
   165 ;; This function is called by:
   166 ;;		_main
   167 ;; This function uses a non-reentrant model
   168 ;;
   169                           
   170                           	psect	text1
   171  007D72                     __ptext1:
   172                           	opt callstack 0
   173  007D72                     _setup:
   174                           	opt callstack 29
   175  007D72                     
   176                           ;../setup.c: 104:     IO_setup();
   177  007D72  ECD2  F03E         	call	_IO_setup	;wreg free
   178                           
   179                           ;../setup.c: 105:     Timer_and_Interrupt_setup();
   180  007D76  ECC7  F03E         	call	_Timer_and_Interrupt_setup	;wreg free
   181                           
   182                           ;../setup.c: 106:     flash_LEDs();
   183  007D7A  ECB3  F03E         	call	_flash_LEDs	;wreg free
   184  007D7E  0012               	return		;funcret
   185  007D80                     __end_of_setup:
   186                           	opt callstack 0
   187                           
   188 ;; *************** function _flash_LEDs *****************
   189 ;; Defined at:
   190 ;;		line 92 in file "../setup.c"
   191 ;; Parameters:    Size  Location     Type
   192 ;;		None
   193 ;; Auto vars:     Size  Location     Type
   194 ;;  uc              1    0        unsigned char 
   195 ;; Return value:  Size  Location     Type
   196 ;;                  1    wreg      void 
   197 ;; Registers used:
   198 ;;		wreg, status,2
   199 ;; Tracked objects:
   200 ;;		On entry : 0/0
   201 ;;		On exit  : 0/0
   202 ;;		Unchanged: 0/0
   203 ;; Data sizes:     COMRAM   BANK0   BANK1   BANK2   BANK3   BANK4   BANK5
   204 ;;      Params:         0       0       0       0       0       0       0
   205 ;;      Locals:         1       0       0       0       0       0       0
   206 ;;      Temps:          0       0       0       0       0       0       0
   207 ;;      Totals:         1       0       0       0       0       0       0
   208 ;;Total ram usage:        1 bytes
   209 ;; Hardware stack levels used:    1
   210 ;; This function calls:
   211 ;;		Nothing
   212 ;; This function is called by:
   213 ;;		_setup
   214 ;; This function uses a non-reentrant model
   215 ;;
   216                           
   217                           	psect	text2
   218  007D66                     __ptext2:
   219                           	opt callstack 0
   220  007D66                     _flash_LEDs:
   221                           	opt callstack 29
   222  007D66                     l802:
   223  007D66  EFB3  F03E         	goto	l802
   224  007D6A  0012               	return		;funcret
   225  007D6C                     __end_of_flash_LEDs:
   226                           	opt callstack 0
   227                           
   228 ;; *************** function _Timer_and_Interrupt_setup *****************
   229 ;; Defined at:
   230 ;;		line 75 in file "../setup.c"
   231 ;; Parameters:    Size  Location     Type
   232 ;;		None
   233 ;; Auto vars:     Size  Location     Type
   234 ;;		None
   235 ;; Return value:  Size  Location     Type
   236 ;;                  1    wreg      void 
   237 ;; Registers used:
   238 ;;		wreg, status,2
   239 ;; Tracked objects:
   240 ;;		On entry : 0/0
   241 ;;		On exit  : 0/0
   242 ;;		Unchanged: 0/0
   243 ;; Data sizes:     COMRAM   BANK0   BANK1   BANK2   BANK3   BANK4   BANK5
   244 ;;      Params:         0       0       0       0       0       0       0
   245 ;;      Locals:         0       0       0       0       0       0       0
   246 ;;      Temps:          0       0       0       0       0       0       0
   247 ;;      Totals:         0       0       0       0       0       0       0
   248 ;;Total ram usage:        0 bytes
   249 ;; Hardware stack levels used:    1
   250 ;; This function calls:
   251 ;;		Nothing
   252 ;; This function is called by:
   253 ;;		_setup
   254 ;; This function uses a non-reentrant model
   255 ;;
   256                           
   257                           	psect	text3
   258  007D8E                     __ptext3:
   259                           	opt callstack 0
   260  007D8E                     _Timer_and_Interrupt_setup:
   261                           	opt callstack 29
   262  007D8E                     
   263                           ;../setup.c: 79:     T0CON = 0b10010101;
   264  007D8E  0E95               	movlw	149
   265  007D90  6ED5               	movwf	213,c	;volatile
   266                           
   267                           ;../setup.c: 81:     OSCCON = 0b01100111;
   268  007D92  0E67               	movlw	103
   269  007D94  6ED3               	movwf	211,c	;volatile
   270                           
   271                           ;../setup.c: 85:     T3CON = 0b10110101;
   272  007D96  0EB5               	movlw	181
   273  007D98  6EB1               	movwf	177,c	;volatile
   274                           
   275                           ;../setup.c: 87:     ANSEL = 0x00;
   276  007D9A  0E00               	movlw	0
   277  007D9C  6E7E               	movwf	126,c	;volatile
   278                           
   279                           ;../setup.c: 88:     ANSELH = 0x00;
   280  007D9E  0E00               	movlw	0
   281  007DA0  6E7F               	movwf	127,c	;volatile
   282  007DA2  0012               	return		;funcret
   283  007DA4                     __end_of_Timer_and_Interrupt_setup:
   284                           	opt callstack 0
   285                           
   286 ;; *************** function _IO_setup *****************
   287 ;; Defined at:
   288 ;;		line 11 in file "../setup.c"
   289 ;; Parameters:    Size  Location     Type
   290 ;;		None
   291 ;; Auto vars:     Size  Location     Type
   292 ;;		None
   293 ;; Return value:  Size  Location     Type
   294 ;;                  1    wreg      void 
   295 ;; Registers used:
   296 ;;		wreg, status,2
   297 ;; Tracked objects:
   298 ;;		On entry : 0/0
   299 ;;		On exit  : 0/0
   300 ;;		Unchanged: 0/0
   301 ;; Data sizes:     COMRAM   BANK0   BANK1   BANK2   BANK3   BANK4   BANK5
   302 ;;      Params:         0       0       0       0       0       0       0
   303 ;;      Locals:         0       0       0       0       0       0       0
   304 ;;      Temps:          0       0       0       0       0       0       0
   305 ;;      Totals:         0       0       0       0       0       0       0
   306 ;;Total ram usage:        0 bytes
   307 ;; Hardware stack levels used:    1
   308 ;; This function calls:
   309 ;;		Nothing
   310 ;; This function is called by:
   311 ;;		_setup
   312 ;; This function uses a non-reentrant model
   313 ;;
   314                           
   315                           	psect	text4
   316  007DA4                     __ptext4:
   317                           	opt callstack 0
   318  007DA4                     _IO_setup:
   319                           	opt callstack 29
   320  007DA4                     
   321                           ;../setup.c: 13:   TRISA = 0x00;
   322  007DA4  0E00               	movlw	0
   323  007DA6  6E92               	movwf	146,c	;volatile
   324                           
   325                           ;../setup.c: 14:   TRISC = 0x00;
   326  007DA8  0E00               	movlw	0
   327  007DAA  6E94               	movwf	148,c	;volatile
   328  007DAC                     
   329                           ;../setup.c: 15:   TRISBbits.RB0 = 1;
   330  007DAC  8093               	bsf	147,0,c	;volatile
   331  007DAE                     
   332                           ;../setup.c: 16:   TRISBbits.RB1 = 0;
   333  007DAE  9293               	bcf	147,1,c	;volatile
   334  007DB0                     
   335                           ;../setup.c: 17:   TRISBbits.RB2 = 0;
   336  007DB0  9493               	bcf	147,2,c	;volatile
   337  007DB2                     
   338                           ;../setup.c: 18:   TRISBbits.RB3 = 0;
   339  007DB2  9693               	bcf	147,3,c	;volatile
   340  007DB4                     
   341                           ;../setup.c: 19:   TRISBbits.RB4 = 0;
   342  007DB4  9893               	bcf	147,4,c	;volatile
   343  007DB6                     
   344                           ;../setup.c: 20:   TRISD = 0xFF;
   345  007DB6  6895               	setf	149,c	;volatile
   346  007DB8                     
   347                           ;../setup.c: 21:   TRISEbits.RE0 = 0;
   348  007DB8  9096               	bcf	150,0,c	;volatile
   349  007DBA                     
   350                           ;../setup.c: 22:   TRISEbits.RE1 = 1;
   351  007DBA  8296               	bsf	150,1,c	;volatile
   352  007DBC                     
   353                           ;../setup.c: 23:   TRISEbits.RE2 = 1;
   354  007DBC  8496               	bsf	150,2,c	;volatile
   355  007DBE  0012               	return		;funcret
   356  007DC0                     __end_of_IO_setup:
   357                           	opt callstack 0
   358  0000                     
   359                           	psect	rparam
   360  0000                     tosu	equ	0xFFF
   361                           tosh	equ	0xFFE
   362                           tosl	equ	0xFFD
   363                           stkptr	equ	0xFFC
   364                           pclatu	equ	0xFFB
   365                           pclath	equ	0xFFA
   366                           pcl	equ	0xFF9
   367                           tblptru	equ	0xFF8
   368                           tblptrh	equ	0xFF7
   369                           tblptrl	equ	0xFF6
   370                           tablat	equ	0xFF5
   371                           prodh	equ	0xFF4
   372                           prodl	equ	0xFF3
   373                           indf0	equ	0xFEF
   374                           postinc0	equ	0xFEE
   375                           postdec0	equ	0xFED
   376                           preinc0	equ	0xFEC
   377                           plusw0	equ	0xFEB
   378                           fsr0h	equ	0xFEA
   379                           fsr0l	equ	0xFE9
   380                           wreg	equ	0xFE8
   381                           indf1	equ	0xFE7
   382                           postinc1	equ	0xFE6
   383                           postdec1	equ	0xFE5
   384                           preinc1	equ	0xFE4
   385                           plusw1	equ	0xFE3
   386                           fsr1h	equ	0xFE2
   387                           fsr1l	equ	0xFE1
   388                           bsr	equ	0xFE0
   389                           indf2	equ	0xFDF
   390                           postinc2	equ	0xFDE
   391                           postdec2	equ	0xFDD
   392                           preinc2	equ	0xFDC
   393                           plusw2	equ	0xFDB
   394                           fsr2h	equ	0xFDA
   395                           fsr2l	equ	0xFD9
   396                           status	equ	0xFD8


Data Sizes:
    Strings     0
    Constant    0
    Data        0
    BSS         0
    Persistent  0
    Stack       0

Auto Spaces:
    Space          Size  Autos    Used
    COMRAM           95      1       1
    BANK0           160      0       0
    BANK1           256      0       0
    BANK2           256      0       0
    BANK3           256      0       0
    BANK4           256      0       0
    BANK5           244      0       0

Pointer List with Targets:

    None.

Critical Paths under _main in COMRAM

    _setup->_flash_LEDs

Critical Paths under _main in BANK0

    None.

Critical Paths under _main in BANK1

    None.

Critical Paths under _main in BANK2

    None.

Critical Paths under _main in BANK3

    None.

Critical Paths under _main in BANK4

    None.

Critical Paths under _main in BANK5

    None.

Call Graph Tables:

 ---------------------------------------------------------------------------------
 (Depth) Function   	        Calls       Base Space   Used Autos Params    Refs
 ---------------------------------------------------------------------------------
 (0) _main                                                 0     0      0      15
                              _setup
 ---------------------------------------------------------------------------------
 (1) _setup                                                0     0      0      15
                           _IO_setup
          _Timer_and_Interrupt_setup
                         _flash_LEDs
 ---------------------------------------------------------------------------------
 (2) _flash_LEDs                                           1     1      0      15
                                              0 COMRAM     1     1      0
 ---------------------------------------------------------------------------------
 (2) _Timer_and_Interrupt_setup                            0     0      0       0
 ---------------------------------------------------------------------------------
 (2) _IO_setup                                             0     0      0       0
 ---------------------------------------------------------------------------------
 Estimated maximum stack depth 2
 ---------------------------------------------------------------------------------

 Call Graph Graphs:

 _main (ROOT)
   _setup
     _IO_setup
     _Timer_and_Interrupt_setup
     _flash_LEDs

 Address spaces:
Name               Size   Autos  Total    Cost      Usage
BITCOMRAM           5F      0       0       0        0.0%
EEDATA             100      0       0       0        0.0%
NULL                 0      0       0       0        0.0%
CODE                 0      0       0       0        0.0%
COMRAM              5F      1       1       1        1.1%
STACK                0      0       0       2        0.0%
BITBANK0            A0      0       0       3        0.0%
BANK0               A0      0       0       4        0.0%
BITBANK1           100      0       0       5        0.0%
BANK1              100      0       0       6        0.0%
BITBANK2           100      0       0       7        0.0%
BANK2              100      0       0       8        0.0%
BITBANK3           100      0       0       9        0.0%
BANK3              100      0       0      10        0.0%
BITBANK4           100      0       0      11        0.0%
BANK4              100      0       0      12        0.0%
BANK5               F4      0       0      13        0.0%
ABS                  0      0       0      14        0.0%
BITBANK5            F4      0       0      15        0.0%
BIGRAM             5F3      0       0      16        0.0%
DATA                 0      0       0      17        0.0%
BITSFR_5             0      0       0     200        0.0%
SFR_5                0      0       0     200        0.0%
BITSFR_4             0      0       0     200        0.0%
SFR_4                0      0       0     200        0.0%
BITSFR_3             0      0       0     200        0.0%
SFR_3                0      0       0     200        0.0%
BITSFR_2             0      0       0     200        0.0%
SFR_2                0      0       0     200        0.0%
BITSFR_1             0      0       0     200        0.0%
SFR_1                0      0       0     200        0.0%
BITSFR               0      0       0     200        0.0%
SFR                  0      0       0     200        0.0%


Microchip Technology PIC18 Macro Assembler V2.10 build 88905656 
Symbol Table                                                                                   Sun Apr 05 12:44:30 2020

                                l57 7DBE                                  l78 7DA2  
                                l87 7D7E                                 l800 7D66  
                               l802 7D66                                 l820 7D80  
                               l822 7D84                                 l808 7D72  
                               l780 7DAC                                 l790 7DB6  
                               l782 7DAE                                 l792 7DB8  
                               l784 7DB0                                 l794 7DBA  
                               l786 7DB2                                 l778 7DA4  
                               l796 7DBC                                 l788 7DB4  
                               l798 7D8E                        __CFG_LVP$OFF 000000  
                              _LATA 000F89                                _LATC 000F8B  
                              _LATD 000F8C                                _main 7D80  
                              start 0000                        ___param_bank 000000  
                             ?_main 0001                               _ANSEL 000F7E  
                             _T0CON 000FD5                               _T3CON 000FB1  
                             _TRISA 000F92                               _TRISC 000F94  
                             _TRISD 000F95                               _setup 7D72  
                  __end_of_IO_setup 7DC0                     __initialization 7D6C  
                      __end_of_main 7D8E                              ??_main 0002  
                     __activetblptr 000000         ??_Timer_and_Interrupt_setup 0001  
                            ?_setup 0001                              _ANSELH 000F7F  
                    __CFG_WDTEN$OFF 000000                              _OSCCON 000FD3  
                        __accesstop 0060             __end_of__initialization 7D6C  
                     ___rparam_used 000001           _Timer_and_Interrupt_setup 7D8E  
                    __pcstackCOMRAM 0001                       __end_of_setup 7D80  
                         ?_IO_setup 0001                             ??_setup 0002  
                        ??_IO_setup 0001                          _flash_LEDs 7D66  
                           __Hparam 0000                             __Lparam 0000  
                           __pcinit 7D6C                             __ramtop 0600  
                           __ptext0 7D80                             __ptext1 7D72  
                           __ptext2 7D66                             __ptext3 7D8E  
                           __ptext4 7DA4                end_of_initialization 7D6C  
__size_of_Timer_and_Interrupt_setup 0016                         ?_flash_LEDs 0001  
                         _TRISBbits 000F93                           _TRISEbits 000F96  
                 __size_of_IO_setup 001C                 start_initialization 7D6C  
               __size_of_flash_LEDs 0006                      __size_of_setup 000E  
                          _LATBbits 000F8A                            _LATEbits 000F8D  
                          _IO_setup 7DA4                        ??_flash_LEDs 0001  
                          __Hrparam 0000                  __end_of_flash_LEDs 7D6C  
                          __Lrparam 0000                       __size_of_main 000E  
        ?_Timer_and_Interrupt_setup 0001   __end_of_Timer_and_Interrupt_setup 7DA4  
                 __CFG_FOSC$INTIO67 000000  
