

Microchip MPLAB XC8 Assembler V2.10 build 88905656 
                                                                                               Fri Apr 17 22:15:10 2020

Microchip MPLAB XC8 C Compiler v2.10 (Free license) build 20190730164152 Og1 
     1                           	processor	18F45K20
     2                           	fnconf	rparam,??,?,0
     3                           	opt	pw 120
     4                           	opt	flic
     5                           	psect	idataCOMRAM,global,class=CODE,delta=1,noexec
     6                           	psect	idataBANK0,global,class=CODE,delta=1,noexec
     7                           	psect	cinit,global,reloc=2,class=CODE,delta=1
     8                           	psect	bssCOMRAM,global,class=COMRAM,space=1,delta=1,noexec
     9                           	psect	dataCOMRAM,global,class=COMRAM,space=1,delta=1,noexec
    10                           	psect	dataBANK0,global,class=BANK0,space=1,delta=1,lowdata,noexec
    11                           	psect	cstackCOMRAM,global,class=COMRAM,space=1,delta=1,noexec
    12                           	psect	text0,global,reloc=2,class=CODE,delta=1
    13                           	psect	text1,global,reloc=2,class=CODE,delta=1
    14                           	psect	text2,global,reloc=2,class=CODE,delta=1
    15                           	psect	text3,global,reloc=2,class=CODE,delta=1
    16                           	psect	text4,global,reloc=2,class=CODE,delta=1
    17                           	psect	text5,global,reloc=2,class=CODE,delta=1
    18                           	psect	text6,global,reloc=2,class=CODE,delta=1
    19                           	psect	intcode,global,reloc=2,class=CODE,delta=1
    20                           	psect	text8,global,reloc=2,class=CODE,delta=1,inline
    21                           	psect	intsave_regs,global,class=BIGRAM,space=1,delta=1,noexec
    22                           	psect	rparam,global,class=COMRAM,space=1,delta=1,noexec
    23                           	psect	temp,global,ovrld,common,class=COMRAM,space=1,delta=1
    24  0000                     
    25                           ; Version 2.10
    26                           ; Generated 31/07/2019 GMT
    27                           ; 
    28                           ; Copyright © 2019, Microchip Technology Inc. and its subsidiaries ("Microchip")
    29                           ; All rights reserved.
    30                           ; 
    31                           ; This software is developed by Microchip Technology Inc. and its subsidiaries ("Microch
      +                          ip").
    32                           ; 
    33                           ; Redistribution and use in source and binary forms, with or without modification, are
    34                           ; permitted provided that the following conditions are met:
    35                           ; 
    36                           ;     1. Redistributions of source code must retain the above copyright notice, this lis
      +                          t of
    37                           ;        conditions and the following disclaimer.
    38                           ; 
    39                           ;     2. Redistributions in binary form must reproduce the above copyright notice, this 
      +                          list
    40                           ;        of conditions and the following disclaimer in the documentation and/or other
    41                           ;        materials provided with the distribution.
    42                           ; 
    43                           ;     3. Microchip's name may not be used to endorse or promote products derived from th
      +                          is
    44                           ;        software without specific prior written permission.
    45                           ; 
    46                           ; THIS SOFTWARE IS PROVIDED BY MICROCHIP "AS IS" AND ANY EXPRESS OR IMPLIED WARRANTIES,
    47                           ; INCLUDING, BUT NOT LIMITED TO, THE IMPLIED WARRANTIES OF MERCHANTABILITY AND FITNESS F
      +                          OR
    48                           ; PURPOSE ARE DISCLAIMED.  IN NO EVENT SHALL MICROCHIP BE LIABLE FOR ANY DIRECT, INDIREC
      +                          T,
    49                           ; INCIDENTAL, SPECIAL, EXEMPLARY, OR CONSEQUENTIAL DAMAGES (INCLUDING BUT NOT LIMITED TO
    50                           ; PROCUREMENT OF SUBSTITUTE GOODS OR SERVICES; LOSS OF USE, DATA OR PROFITS; OR BUSINESS
    51                           ; INTERRUPTION) HOWSOEVER CAUSED AND ON ANY THEORY OF LIABILITY, WHETHER IN CONTRACT, ST
      +                          RICT
    52                           ; LIABILITY, OR TORT (INCLUDING NEGLIGENCE OR OTHERWISE) ARISING IN ANY WAY OUT OF THE U
      +                          SE OF
    53                           ; THIS SOFTWARE, EVEN IF ADVISED OF THE POSSIBILITY OF SUCH DAMAGE.
    54                           ; 
    55                           ; 
    56                           ; Code-generator required, PIC18F45K20 Definitions
    57                           ; 
    58                           ; SFR Addresses
    59  0000                     
    60                           	psect	idataCOMRAM
    61  000162                     __pidataCOMRAM:
    62                           	opt callstack 0
    63                           
    64                           ;initializer for _astInputs
    65  000162  8C                 	db	140
    66  000163  0F                 	db	15
    67  000164  00                 	db	0
    68  000165  8C                 	db	140
    69  000166  0F                 	db	15
    70  000167  01                 	db	1
    71  000168  8C                 	db	140
    72  000169  0F                 	db	15
    73  00016A  02                 	db	2
    74  00016B  8C                 	db	140
    75  00016C  0F                 	db	15
    76  00016D  03                 	db	3
    77  00016E  8C                 	db	140
    78  00016F  0F                 	db	15
    79  000170  04                 	db	4
    80  000171  8C                 	db	140
    81  000172  0F                 	db	15
    82  000173  05                 	db	5
    83  000174  8C                 	db	140
    84  000175  0F                 	db	15
    85  000176  06                 	db	6
    86  000177  8C                 	db	140
    87  000178  0F                 	db	15
    88  000179  07                 	db	7
    89  00017A  8A                 	db	138
    90  00017B  0F                 	db	15
    91  00017C  00                 	db	0
    92                           
    93                           ;initializer for _astLEDs
    94  00017D  8B                 	db	139
    95  00017E  0F                 	db	15
    96  00017F  00                 	db	0
    97  000180  8B                 	db	139
    98  000181  0F                 	db	15
    99  000182  02                 	db	2
   100  000183  8B                 	db	139
   101  000184  0F                 	db	15
   102  000185  01                 	db	1
   103  000186  8B                 	db	139
   104  000187  0F                 	db	15
   105  000188  05                 	db	5
   106  000189  8B                 	db	139
   107  00018A  0F                 	db	15
   108  00018B  06                 	db	6
   109  00018C  8B                 	db	139
   110  00018D  0F                 	db	15
   111  00018E  07                 	db	7
   112  00018F  8A                 	db	138
   113  000190  0F                 	db	15
   114  000191  03                 	db	3
   115  000192  8A                 	db	138
   116  000193  0F                 	db	15
   117  000194  04                 	db	4
   118  000195  8D                 	db	141
   119  000196  0F                 	db	15
   120  000197  00                 	db	0
   121                           
   122                           	psect	idataBANK0
   123  0001E0                     __pidataBANK0:
   124                           	opt callstack 0
   125                           
   126                           ;initializer for _astOutputs
   127  0001E0  89                 	db	137
   128  0001E1  0F                 	db	15
   129  0001E2  00                 	db	0
   130  0001E3  89                 	db	137
   131  0001E4  0F                 	db	15
   132  0001E5  01                 	db	1
   133  0001E6  89                 	db	137
   134  0001E7  0F                 	db	15
   135  0001E8  02                 	db	2
   136  0001E9  89                 	db	137
   137  0001EA  0F                 	db	15
   138  0001EB  03                 	db	3
   139  0001EC  89                 	db	137
   140  0001ED  0F                 	db	15
   141  0001EE  04                 	db	4
   142  0001EF  89                 	db	137
   143  0001F0  0F                 	db	15
   144  0001F1  05                 	db	5
   145  0001F2  89                 	db	137
   146  0001F3  0F                 	db	15
   147  0001F4  06                 	db	6
   148  0001F5  89                 	db	137
   149  0001F6  0F                 	db	15
   150  0001F7  07                 	db	7
   151  0001F8  8A                 	db	138
   152  0001F9  0F                 	db	15
   153  0001FA  01                 	db	1
   154  0000                     _T0CONbits	set	4053
   155  0000                     _INTCONbits	set	4082
   156  0000                     _LATBbits	set	3978
   157  0000                     _TMR0L	set	4054
   158  0000                     _TMR0H	set	4055
   159  0000                     _OSCCON	set	4051
   160  0000                     _T0CON	set	4053
   161  0000                     _TRISEbits	set	3990
   162  0000                     _TRISD	set	3989
   163  0000                     _TRISBbits	set	3987
   164  0000                     _TRISC	set	3988
   165  0000                     _TRISA	set	3986
   166  0000                     _LATEbits	set	3981
   167  0000                     _LATE	set	3981
   168  0000                     _LATC	set	3979
   169  0000                     _LATA	set	3977
   170  0000                     _LATB	set	3978
   171  0000                     _LATD	set	3980
   172  0000                     _TMR0IF	set	32658
   173                           
   174                           ; #config settings
   175  0000                     
   176                           	psect	cinit
   177  00010E                     __pcinit:
   178                           	opt callstack 0
   179  00010E                     start_initialization:
   180                           	opt callstack 0
   181  00010E                     __initialization:
   182                           	opt callstack 0
   183                           
   184                           ; Initialize objects allocated to BANK0 (27 bytes)
   185                           ; load TBLPTR registers with __pidataBANK0
   186  00010E  0EE0               	movlw	low __pidataBANK0
   187  000110  6EF6               	movwf	tblptrl,c
   188  000112  0E01               	movlw	high __pidataBANK0
   189  000114  6EF7               	movwf	tblptrh,c
   190  000116  0E00               	movlw	low (__pidataBANK0 shr (0+16))
   191  000118  6EF8               	movwf	tblptru,c
   192  00011A  EE00  F060         	lfsr	0,__pdataBANK0
   193  00011E  EE10 F01B          	lfsr	1,27
   194  000122                     copy_data0:
   195  000122  0009               	tblrd		*+
   196  000124  CFF5 FFEE          	movff	tablat,postinc0
   197  000128  50E5               	movf	postdec1,w,c
   198  00012A  50E1               	movf	fsr1l,w,c
   199  00012C  E1FA               	bnz	copy_data0
   200                           
   201                           ; Initialize objects allocated to COMRAM (54 bytes)
   202                           ; load TBLPTR registers with __pidataCOMRAM
   203  00012E  0E62               	movlw	low __pidataCOMRAM
   204  000130  6EF6               	movwf	tblptrl,c
   205  000132  0E01               	movlw	high __pidataCOMRAM
   206  000134  6EF7               	movwf	tblptrh,c
   207  000136  0E00               	movlw	low (__pidataCOMRAM shr (0+16))
   208  000138  6EF8               	movwf	tblptru,c
   209  00013A  EE00  F001         	lfsr	0,__pdataCOMRAM
   210  00013E  EE10 F036          	lfsr	1,54
   211  000142                     copy_data1:
   212  000142  0009               	tblrd		*+
   213  000144  CFF5 FFEE          	movff	tablat,postinc0
   214  000148  50E5               	movf	postdec1,w,c
   215  00014A  50E1               	movf	fsr1l,w,c
   216  00014C  E1FA               	bnz	copy_data1
   217                           
   218                           ; Clear objects allocated to COMRAM (5 bytes)
   219  00014E  6A48               	clrf	(__pbssCOMRAM+4)& (0+255),c
   220  000150  6A47               	clrf	(__pbssCOMRAM+3)& (0+255),c
   221  000152  6A46               	clrf	(__pbssCOMRAM+2)& (0+255),c
   222  000154  6A45               	clrf	(__pbssCOMRAM+1)& (0+255),c
   223  000156  6A44               	clrf	__pbssCOMRAM& (0+255),c
   224  000158                     end_of_initialization:
   225                           	opt callstack 0
   226  000158                     __end_of__initialization:
   227                           	opt callstack 0
   228  000158  9049               	bcf	int$flags,0,c	;clear compiler interrupt flag (level 1)
   229  00015A  9249               	bcf	int$flags,1,c	;clear compiler interrupt flag (level 2)
   230  00015C  0100               	movlb	0
   231  00015E  EF18  F001         	goto	_main	;jump to C main() function
   232                           
   233                           	psect	bssCOMRAM
   234  000044                     __pbssCOMRAM:
   235                           	opt callstack 0
   236  000044                     heartbeat@uwStartTime:
   237                           	opt callstack 0
   238  000044                     	ds	2
   239  000046                     heartbeat@ucOverFlow:
   240                           	opt callstack 0
   241  000046                     	ds	1
   242  000047                     heartbeat@nbFirst:
   243                           	opt callstack 0
   244  000047                     	ds	1
   245  000048                     _gbTick:
   246                           	opt callstack 0
   247  000048                     	ds	1
   248                           
   249                           	psect	dataCOMRAM
   250  000001                     __pdataCOMRAM:
   251                           	opt callstack 0
   252  000001                     _astInputs:
   253                           	opt callstack 0
   254  000001                     	ds	27
   255  00001C                     _astLEDs:
   256                           	opt callstack 0
   257  00001C                     	ds	27
   258                           
   259                           	psect	dataBANK0
   260  000060                     __pdataBANK0:
   261                           	opt callstack 0
   262  000060                     _astOutputs:
   263                           	opt callstack 0
   264  000060                     	ds	27
   265                           
   266                           	psect	cstackCOMRAM
   267  000037                     __pcstackCOMRAM:
   268                           	opt callstack 0
   269  000037                     ??_ISR:
   270                           
   271                           ; 1 bytes @ 0x0
   272  000037                     	ds	1
   273  000038                     set_IO@IO:
   274                           	opt callstack 0
   275                           
   276                           ; 2 bytes @ 0x1
   277  000038                     	ds	2
   278  00003A                     set_IO@item:
   279                           	opt callstack 0
   280                           
   281                           ; 1 bytes @ 0x3
   282  00003A                     	ds	1
   283  00003B                     set_IO@bValue:
   284                           	opt callstack 0
   285                           
   286                           ; 1 bytes @ 0x4
   287  00003B                     	ds	1
   288  00003C                     ??_set_IO:
   289                           
   290                           ; 1 bytes @ 0x5
   291  00003C                     	ds	5
   292  000041                     set_IO@ucLocal:
   293                           	opt callstack 0
   294                           
   295                           ; 2 bytes @ 0xA
   296  000041                     	ds	2
   297  000043                     all_LEDs@uc:
   298                           	opt callstack 0
   299                           
   300                           ; 1 bytes @ 0xC
   301  000043                     	ds	1
   302  000044                     
   303                           ; 1 bytes @ 0xD
   304 ;;
   305 ;;Main: autosize = 0, tempsize = 0, incstack = 0, save=0
   306 ;;
   307 ;; *************** function _main *****************
   308 ;; Defined at:
   309 ;;		line 71 in file "../main.c"
   310 ;; Parameters:    Size  Location     Type
   311 ;;		None
   312 ;; Auto vars:     Size  Location     Type
   313 ;;		None
   314 ;; Return value:  Size  Location     Type
   315 ;;                  1    wreg      void 
   316 ;; Registers used:
   317 ;;		wreg, fsr2l, fsr2h, status,2, status,0, prodl, prodh, cstack
   318 ;; Tracked objects:
   319 ;;		On entry : 0/0
   320 ;;		On exit  : 0/0
   321 ;;		Unchanged: 0/0
   322 ;; Data sizes:     COMRAM   BANK0   BANK1   BANK2   BANK3   BANK4   BANK5
   323 ;;      Params:         0       0       0       0       0       0       0
   324 ;;      Locals:         0       0       0       0       0       0       0
   325 ;;      Temps:          0       0       0       0       0       0       0
   326 ;;      Totals:         0       0       0       0       0       0       0
   327 ;;Total ram usage:        0 bytes
   328 ;; Hardware stack levels required when called:    5
   329 ;; This function calls:
   330 ;;		_setup
   331 ;;		_walk_LEDs
   332 ;; This function is called by:
   333 ;;		Startup code after reset
   334 ;; This function uses a non-reentrant model
   335 ;;
   336                           
   337                           	psect	text0
   338  000230                     __ptext0:
   339                           	opt callstack 0
   340  000230                     _main:
   341                           	opt callstack 26
   342  000230                     
   343                           ;../main.c: 73:     setup();
   344  000230  EC0B  F001         	call	_setup	;wreg free
   345  000234                     l27:
   346                           
   347                           ;../main.c: 82:     {;../main.c: 84:         walk_LEDs();
   348  000234  ECFE  F000         	call	_walk_LEDs	;wreg free
   349  000238  EF1A  F001         	goto	l27
   350  00023C  EF23  F000         	goto	start
   351  000240                     __end_of_main:
   352                           	opt callstack 0
   353                           
   354 ;; *************** function _walk_LEDs *****************
   355 ;; Defined at:
   356 ;;		line 41 in file "../leds.c"
   357 ;; Parameters:    Size  Location     Type
   358 ;;		None
   359 ;; Auto vars:     Size  Location     Type
   360 ;;		None
   361 ;; Return value:  Size  Location     Type
   362 ;;                  1    wreg      void 
   363 ;; Registers used:
   364 ;;		wreg, fsr2l, fsr2h, status,2, status,0, prodl, prodh, cstack
   365 ;; Tracked objects:
   366 ;;		On entry : 0/0
   367 ;;		On exit  : 0/0
   368 ;;		Unchanged: 0/0
   369 ;; Data sizes:     COMRAM   BANK0   BANK1   BANK2   BANK3   BANK4   BANK5
   370 ;;      Params:         0       0       0       0       0       0       0
   371 ;;      Locals:         0       0       0       0       0       0       0
   372 ;;      Temps:          0       0       0       0       0       0       0
   373 ;;      Totals:         0       0       0       0       0       0       0
   374 ;;Total ram usage:        0 bytes
   375 ;; Hardware stack levels used:    1
   376 ;; Hardware stack levels required when called:    3
   377 ;; This function calls:
   378 ;;		_set_IO
   379 ;; This function is called by:
   380 ;;		_main
   381 ;; This function uses a non-reentrant model
   382 ;;
   383                           
   384                           	psect	text1
   385  0001FC                     __ptext1:
   386                           	opt callstack 0
   387  0001FC                     _walk_LEDs:
   388                           	opt callstack 27
   389  0001FC                     
   390                           ;../leds.c: 67:     set_IO(astLEDs, 8, LATBbits.LB2);
   391  0001FC  0E1C               	movlw	low _astLEDs
   392  0001FE  6E38               	movwf	set_IO@IO^0,c
   393  000200  0E00               	movlw	high _astLEDs
   394  000202  6E39               	movwf	(set_IO@IO+1)^0,c
   395  000204  0E08               	movlw	8
   396  000206  6E3A               	movwf	set_IO@item^0,c
   397  000208  0E00               	movlw	0
   398  00020A  B48A               	btfsc	138,2,c	;volatile
   399  00020C  0E01               	movlw	1
   400  00020E  6E3B               	movwf	set_IO@bValue^0,c
   401  000210  EC25  F000         	call	_set_IO	;wreg free
   402  000214  0012               	return		;funcret
   403  000216                     __end_of_walk_LEDs:
   404                           	opt callstack 0
   405                           
   406 ;; *************** function _setup *****************
   407 ;; Defined at:
   408 ;;		line 138 in file "../setup.c"
   409 ;; Parameters:    Size  Location     Type
   410 ;;		None
   411 ;; Auto vars:     Size  Location     Type
   412 ;;		None
   413 ;; Return value:  Size  Location     Type
   414 ;;                  1    wreg      void 
   415 ;; Registers used:
   416 ;;		wreg, fsr2l, fsr2h, status,2, status,0, prodl, prodh, cstack
   417 ;; Tracked objects:
   418 ;;		On entry : 0/0
   419 ;;		On exit  : 0/0
   420 ;;		Unchanged: 0/0
   421 ;; Data sizes:     COMRAM   BANK0   BANK1   BANK2   BANK3   BANK4   BANK5
   422 ;;      Params:         0       0       0       0       0       0       0
   423 ;;      Locals:         0       0       0       0       0       0       0
   424 ;;      Temps:          0       0       0       0       0       0       0
   425 ;;      Totals:         0       0       0       0       0       0       0
   426 ;;Total ram usage:        0 bytes
   427 ;; Hardware stack levels used:    1
   428 ;; Hardware stack levels required when called:    4
   429 ;; This function calls:
   430 ;;		_IO_setup
   431 ;;		_Timer_and_Interrupt_setup
   432 ;;		_all_LEDs
   433 ;; This function is called by:
   434 ;;		_main
   435 ;; This function uses a non-reentrant model
   436 ;;
   437                           
   438                           	psect	text2
   439  000216                     __ptext2:
   440                           	opt callstack 0
   441  000216                     _setup:
   442                           	opt callstack 26
   443  000216                     
   444                           ;../setup.c: 140:     INTCONbits.GIE = 0;
   445  000216  9EF2               	bcf	242,7,c	;volatile
   446  000218                     
   447                           ;../setup.c: 141:     IO_setup();
   448  000218  ECE2  F000         	call	_IO_setup	;wreg free
   449  00021C                     
   450                           ;../setup.c: 143:     LATBbits.LB2 = 0;
   451  00021C  948A               	bcf	138,2,c	;volatile
   452                           
   453                           ;../setup.c: 144:     Timer_and_Interrupt_setup();
   454  00021E  EC20  F001         	call	_Timer_and_Interrupt_setup	;wreg free
   455  000222                     
   456                           ;../setup.c: 145:     INTCONbits.GIE = 1;
   457  000222  8EF2               	bsf	242,7,c	;volatile
   458  000224                     
   459                           ;../setup.c: 146:     INTCONbits.PEIE = 1;
   460  000224  8CF2               	bsf	242,6,c	;volatile
   461  000226                     
   462                           ;../setup.c: 147:     INTCONbits.TMR0IE = 1;
   463  000226  8AF2               	bsf	242,5,c	;volatile
   464  000228                     
   465                           ;../setup.c: 148:     T0CONbits.TMR0ON = 1;
   466  000228  8ED5               	bsf	213,7,c	;volatile
   467  00022A                     
   468                           ;../setup.c: 149:     all_LEDs();
   469  00022A  ECCC  F000         	call	_all_LEDs	;wreg free
   470  00022E  0012               	return		;funcret
   471  000230                     __end_of_setup:
   472                           	opt callstack 0
   473                           
   474 ;; *************** function _all_LEDs *****************
   475 ;; Defined at:
   476 ;;		line 31 in file "../leds.c"
   477 ;; Parameters:    Size  Location     Type
   478 ;;		None
   479 ;; Auto vars:     Size  Location     Type
   480 ;;  uc              1   12[COMRAM] unsigned char 
   481 ;; Return value:  Size  Location     Type
   482 ;;                  1    wreg      void 
   483 ;; Registers used:
   484 ;;		wreg, fsr2l, fsr2h, status,2, status,0, prodl, prodh, cstack
   485 ;; Tracked objects:
   486 ;;		On entry : 0/0
   487 ;;		On exit  : 0/0
   488 ;;		Unchanged: 0/0
   489 ;; Data sizes:     COMRAM   BANK0   BANK1   BANK2   BANK3   BANK4   BANK5
   490 ;;      Params:         0       0       0       0       0       0       0
   491 ;;      Locals:         1       0       0       0       0       0       0
   492 ;;      Temps:          0       0       0       0       0       0       0
   493 ;;      Totals:         1       0       0       0       0       0       0
   494 ;;Total ram usage:        1 bytes
   495 ;; Hardware stack levels used:    1
   496 ;; Hardware stack levels required when called:    3
   497 ;; This function calls:
   498 ;;		_set_IO
   499 ;; This function is called by:
   500 ;;		_setup
   501 ;; This function uses a non-reentrant model
   502 ;;
   503                           
   504                           	psect	text3
   505  000198                     __ptext3:
   506                           	opt callstack 0
   507  000198                     _all_LEDs:
   508                           	opt callstack 26
   509  000198                     
   510                           ;../leds.c: 34:     for (unsigned char uc = 0; uc < 9; uc++)
   511  000198  0E00               	movlw	0
   512  00019A  6E43               	movwf	all_LEDs@uc^0,c
   513  00019C                     l971:
   514                           
   515                           ;../leds.c: 35:     {;../leds.c: 36:         set_IO(astLEDs, uc, 1);
   516  00019C  0E1C               	movlw	low _astLEDs
   517  00019E  6E38               	movwf	set_IO@IO^0,c
   518  0001A0  0E00               	movlw	high _astLEDs
   519  0001A2  6E39               	movwf	(set_IO@IO+1)^0,c
   520  0001A4  C043  F03A         	movff	all_LEDs@uc,set_IO@item
   521  0001A8  0E01               	movlw	1
   522  0001AA  6E3B               	movwf	set_IO@bValue^0,c
   523  0001AC  EC25  F000         	call	_set_IO	;wreg free
   524  0001B0                     
   525                           ;../leds.c: 37:     }
   526  0001B0  2A43               	incf	all_LEDs@uc^0,f,c
   527  0001B2  0E08               	movlw	8
   528  0001B4  6443               	cpfsgt	all_LEDs@uc^0,c
   529  0001B6  EFDF  F000         	goto	u201
   530  0001BA  EFE1  F000         	goto	u200
   531  0001BE                     u201:
   532  0001BE  EFCE  F000         	goto	l971
   533  0001C2                     u200:
   534  0001C2  0012               	return		;funcret
   535  0001C4                     __end_of_all_LEDs:
   536                           	opt callstack 0
   537                           
   538 ;; *************** function _set_IO *****************
   539 ;; Defined at:
   540 ;;		line 9 in file "../setup.c"
   541 ;; Parameters:    Size  Location     Type
   542 ;;  IO              2    1[COMRAM] PTR struct gstGPIO
   543 ;;		 -> astLEDs(27), 
   544 ;;  item            1    3[COMRAM] unsigned char 
   545 ;;  bValue          1    4[COMRAM] unsigned char 
   546 ;; Auto vars:     Size  Location     Type
   547 ;;  ucLocal         2   10[COMRAM] PTR volatile unsigned ch
   548 ;;		 -> LATE(1), LATC(1), LATA(1), LATB(1), 
   549 ;;		 -> LATD(1), 
   550 ;; Return value:  Size  Location     Type
   551 ;;                  1    wreg      void 
   552 ;; Registers used:
   553 ;;		wreg, fsr2l, fsr2h, status,2, status,0, prodl, prodh
   554 ;; Tracked objects:
   555 ;;		On entry : 0/0
   556 ;;		On exit  : 0/0
   557 ;;		Unchanged: 0/0
   558 ;; Data sizes:     COMRAM   BANK0   BANK1   BANK2   BANK3   BANK4   BANK5
   559 ;;      Params:         4       0       0       0       0       0       0
   560 ;;      Locals:         2       0       0       0       0       0       0
   561 ;;      Temps:          5       0       0       0       0       0       0
   562 ;;      Totals:        11       0       0       0       0       0       0
   563 ;;Total ram usage:       11 bytes
   564 ;; Hardware stack levels used:    1
   565 ;; Hardware stack levels required when called:    2
   566 ;; This function calls:
   567 ;;		Nothing
   568 ;; This function is called by:
   569 ;;		_all_LEDs
   570 ;;		_walk_LEDs
   571 ;;		_clr_LEDs
   572 ;; This function uses a non-reentrant model
   573 ;;
   574                           
   575                           	psect	text4
   576  00004A                     __ptext4:
   577                           	opt callstack 0
   578  00004A                     _set_IO:
   579                           	opt callstack 27
   580  00004A                     
   581                           ;../setup.c: 9: void set_IO (struct gstGPIO *IO, unsigned char item,unsigned char bValue
      +                          );../setup.c: 10: {;../setup.c: 11:     volatile unsigned char *ucLocal;;../setup.c: 12:
      +                               ucLocal = IO[item].port;
   582  00004A  503A               	movf	set_IO@item^0,w,c
   583  00004C  0D03               	mullw	3
   584  00004E  CFF3 F03C          	movff	prodl,??_set_IO
   585  000052  CFF4 F03D          	movff	prodh,??_set_IO+1
   586  000056  503C               	movf	??_set_IO^0,w,c
   587  000058  2438               	addwf	set_IO@IO^0,w,c
   588  00005A  6ED9               	movwf	fsr2l,c
   589  00005C  503D               	movf	(??_set_IO+1)^0,w,c
   590  00005E  2039               	addwfc	(set_IO@IO+1)^0,w,c
   591  000060  6EDA               	movwf	fsr2h,c
   592  000062  CFDE F041          	movff	postinc2,set_IO@ucLocal
   593  000066  CFDD F042          	movff	postdec2,set_IO@ucLocal+1
   594  00006A                     
   595                           ;../setup.c: 13:     if (bValue)
   596  00006A  503B               	movf	set_IO@bValue^0,w,c
   597  00006C  B4D8               	btfsc	status,2,c
   598  00006E  EF3B  F000         	goto	u171
   599  000072  EF3D  F000         	goto	u170
   600  000076                     u171:
   601  000076  EF61  F000         	goto	l963
   602  00007A                     u170:
   603  00007A                     
   604                           ;../setup.c: 14:     {;../setup.c: 15:         *ucLocal |= (1 << IO[item].pin);
   605  00007A  503A               	movf	set_IO@item^0,w,c
   606  00007C  0D03               	mullw	3
   607  00007E  C038  F03C         	movff	set_IO@IO,??_set_IO
   608  000082  C039  F03D         	movff	set_IO@IO+1,??_set_IO+1
   609  000086  50F3               	movf	243,w,c
   610  000088  263C               	addwf	??_set_IO^0,f,c
   611  00008A  50F4               	movf	244,w,c
   612  00008C  223D               	addwfc	(??_set_IO+1)^0,f,c
   613  00008E  0E02               	movlw	2
   614  000090  243C               	addwf	??_set_IO^0,w,c
   615  000092  6ED9               	movwf	fsr2l,c
   616  000094  0E00               	movlw	0
   617  000096  203D               	addwfc	(??_set_IO+1)^0,w,c
   618  000098  6EDA               	movwf	fsr2h,c
   619  00009A  50DF               	movf	indf2,w,c
   620  00009C  6E3E               	movwf	(??_set_IO+2)^0,c
   621  00009E  0E01               	movlw	1
   622  0000A0  6E3F               	movwf	(??_set_IO+3)^0,c
   623  0000A2  2A3E               	incf	(??_set_IO+2)^0,f,c
   624  0000A4  EF56  F000         	goto	u184
   625  0000A8                     u185:
   626  0000A8  90D8               	bcf	status,0,c
   627  0000AA  363F               	rlcf	(??_set_IO+3)^0,f,c
   628  0000AC                     u184:
   629  0000AC  2E3E               	decfsz	(??_set_IO+2)^0,f,c
   630  0000AE  EF54  F000         	goto	u185
   631  0000B2  C041  FFD9         	movff	set_IO@ucLocal,fsr2l
   632  0000B6  C042  FFDA         	movff	set_IO@ucLocal+1,fsr2h
   633  0000BA  503F               	movf	(??_set_IO+3)^0,w,c
   634  0000BC  12DF               	iorwf	indf2,f,c
   635                           
   636                           ;../setup.c: 16:     }
   637  0000BE  EF86  F000         	goto	l71
   638  0000C2                     l963:
   639                           
   640                           ;../setup.c: 18:     {;../setup.c: 19:         *ucLocal &= ~(1 << IO[item].pin);
   641  0000C2  503A               	movf	set_IO@item^0,w,c
   642  0000C4  0D03               	mullw	3
   643  0000C6  C038  F03C         	movff	set_IO@IO,??_set_IO
   644  0000CA  C039  F03D         	movff	set_IO@IO+1,??_set_IO+1
   645  0000CE  50F3               	movf	243,w,c
   646  0000D0  263C               	addwf	??_set_IO^0,f,c
   647  0000D2  50F4               	movf	244,w,c
   648  0000D4  223D               	addwfc	(??_set_IO+1)^0,f,c
   649  0000D6  0E02               	movlw	2
   650  0000D8  243C               	addwf	??_set_IO^0,w,c
   651  0000DA  6ED9               	movwf	fsr2l,c
   652  0000DC  0E00               	movlw	0
   653  0000DE  203D               	addwfc	(??_set_IO+1)^0,w,c
   654  0000E0  6EDA               	movwf	fsr2h,c
   655  0000E2  50DF               	movf	indf2,w,c
   656  0000E4  6E3E               	movwf	(??_set_IO+2)^0,c
   657  0000E6  0E01               	movlw	1
   658  0000E8  6E3F               	movwf	(??_set_IO+3)^0,c
   659  0000EA  2A3E               	incf	(??_set_IO+2)^0,f,c
   660  0000EC  EF7A  F000         	goto	u194
   661  0000F0                     u195:
   662  0000F0  90D8               	bcf	status,0,c
   663  0000F2  363F               	rlcf	(??_set_IO+3)^0,f,c
   664  0000F4                     u194:
   665  0000F4  2E3E               	decfsz	(??_set_IO+2)^0,f,c
   666  0000F6  EF78  F000         	goto	u195
   667  0000FA  503F               	movf	(??_set_IO+3)^0,w,c
   668  0000FC  0AFF               	xorlw	255
   669  0000FE  6E40               	movwf	(??_set_IO+4)^0,c
   670  000100  C041  FFD9         	movff	set_IO@ucLocal,fsr2l
   671  000104  C042  FFDA         	movff	set_IO@ucLocal+1,fsr2h
   672  000108  5040               	movf	(??_set_IO+4)^0,w,c
   673  00010A  16DF               	andwf	indf2,f,c
   674  00010C                     l71:
   675  00010C  0012               	return		;funcret
   676  00010E                     __end_of_set_IO:
   677                           	opt callstack 0
   678                           
   679 ;; *************** function _Timer_and_Interrupt_setup *****************
   680 ;; Defined at:
   681 ;;		line 70 in file "../setup.c"
   682 ;; Parameters:    Size  Location     Type
   683 ;;		None
   684 ;; Auto vars:     Size  Location     Type
   685 ;;		None
   686 ;; Return value:  Size  Location     Type
   687 ;;                  1    wreg      void 
   688 ;; Registers used:
   689 ;;		wreg, status,2
   690 ;; Tracked objects:
   691 ;;		On entry : 0/0
   692 ;;		On exit  : 0/0
   693 ;;		Unchanged: 0/0
   694 ;; Data sizes:     COMRAM   BANK0   BANK1   BANK2   BANK3   BANK4   BANK5
   695 ;;      Params:         0       0       0       0       0       0       0
   696 ;;      Locals:         0       0       0       0       0       0       0
   697 ;;      Temps:          0       0       0       0       0       0       0
   698 ;;      Totals:         0       0       0       0       0       0       0
   699 ;;Total ram usage:        0 bytes
   700 ;; Hardware stack levels used:    1
   701 ;; Hardware stack levels required when called:    2
   702 ;; This function calls:
   703 ;;		Nothing
   704 ;; This function is called by:
   705 ;;		_setup
   706 ;; This function uses a non-reentrant model
   707 ;;
   708                           
   709                           	psect	text5
   710  000240                     __ptext5:
   711                           	opt callstack 0
   712  000240                     _Timer_and_Interrupt_setup:
   713                           	opt callstack 27
   714  000240                     
   715                           ;../setup.c: 75:     T0CON = 0b10010101;
   716  000240  0E95               	movlw	149
   717  000242  6ED5               	movwf	213,c	;volatile
   718                           
   719                           ;../setup.c: 79:     OSCCON = 0b01100111;
   720  000244  0E67               	movlw	103
   721  000246  6ED3               	movwf	211,c	;volatile
   722  000248  0012               	return		;funcret
   723  00024A                     __end_of_Timer_and_Interrupt_setup:
   724                           	opt callstack 0
   725                           
   726 ;; *************** function _IO_setup *****************
   727 ;; Defined at:
   728 ;;		line 53 in file "../setup.c"
   729 ;; Parameters:    Size  Location     Type
   730 ;;		None
   731 ;; Auto vars:     Size  Location     Type
   732 ;;		None
   733 ;; Return value:  Size  Location     Type
   734 ;;                  1    wreg      void 
   735 ;; Registers used:
   736 ;;		wreg, status,2
   737 ;; Tracked objects:
   738 ;;		On entry : 0/0
   739 ;;		On exit  : 0/0
   740 ;;		Unchanged: 0/0
   741 ;; Data sizes:     COMRAM   BANK0   BANK1   BANK2   BANK3   BANK4   BANK5
   742 ;;      Params:         0       0       0       0       0       0       0
   743 ;;      Locals:         0       0       0       0       0       0       0
   744 ;;      Temps:          0       0       0       0       0       0       0
   745 ;;      Totals:         0       0       0       0       0       0       0
   746 ;;Total ram usage:        0 bytes
   747 ;; Hardware stack levels used:    1
   748 ;; Hardware stack levels required when called:    2
   749 ;; This function calls:
   750 ;;		Nothing
   751 ;; This function is called by:
   752 ;;		_setup
   753 ;; This function uses a non-reentrant model
   754 ;;
   755                           
   756                           	psect	text6
   757  0001C4                     __ptext6:
   758                           	opt callstack 0
   759  0001C4                     _IO_setup:
   760                           	opt callstack 27
   761  0001C4                     
   762                           ;../setup.c: 55:   TRISA = 0x00;
   763  0001C4  0E00               	movlw	0
   764  0001C6  6E92               	movwf	146,c	;volatile
   765                           
   766                           ;../setup.c: 56:   TRISC = 0x00;
   767  0001C8  0E00               	movlw	0
   768  0001CA  6E94               	movwf	148,c	;volatile
   769  0001CC                     
   770                           ;../setup.c: 57:   TRISBbits.RB0 = 1;
   771  0001CC  8093               	bsf	147,0,c	;volatile
   772  0001CE                     
   773                           ;../setup.c: 58:   TRISBbits.RB1 = 0;
   774  0001CE  9293               	bcf	147,1,c	;volatile
   775  0001D0                     
   776                           ;../setup.c: 59:   TRISBbits.RB2 = 0;
   777  0001D0  9493               	bcf	147,2,c	;volatile
   778  0001D2                     
   779                           ;../setup.c: 60:   TRISBbits.RB3 = 0;
   780  0001D2  9693               	bcf	147,3,c	;volatile
   781  0001D4                     
   782                           ;../setup.c: 61:   TRISBbits.RB4 = 0;
   783  0001D4  9893               	bcf	147,4,c	;volatile
   784  0001D6                     
   785                           ;../setup.c: 62:   TRISD = 0xFF;
   786  0001D6  6895               	setf	149,c	;volatile
   787  0001D8                     
   788                           ;../setup.c: 63:   TRISEbits.RE0 = 0;
   789  0001D8  9096               	bcf	150,0,c	;volatile
   790  0001DA                     
   791                           ;../setup.c: 64:   TRISEbits.RE1 = 1;
   792  0001DA  8296               	bsf	150,1,c	;volatile
   793  0001DC                     
   794                           ;../setup.c: 65:   TRISEbits.RE2 = 1;
   795  0001DC  8496               	bsf	150,2,c	;volatile
   796  0001DE  0012               	return		;funcret
   797  0001E0                     __end_of_IO_setup:
   798                           	opt callstack 0
   799                           
   800 ;; *************** function _ISR *****************
   801 ;; Defined at:
   802 ;;		line 91 in file "../setup.c"
   803 ;; Parameters:    Size  Location     Type
   804 ;;		None
   805 ;; Auto vars:     Size  Location     Type
   806 ;;		None
   807 ;; Return value:  Size  Location     Type
   808 ;;                  1    wreg      void 
   809 ;; Registers used:
   810 ;;		wreg, status,2, status,0, cstack
   811 ;; Tracked objects:
   812 ;;		On entry : 0/0
   813 ;;		On exit  : 0/0
   814 ;;		Unchanged: 0/0
   815 ;; Data sizes:     COMRAM   BANK0   BANK1   BANK2   BANK3   BANK4   BANK5
   816 ;;      Params:         0       0       0       0       0       0       0
   817 ;;      Locals:         0       0       0       0       0       0       0
   818 ;;      Temps:          1       0       0       0       0       0       0
   819 ;;      Totals:         1       0       0       0       0       0       0
   820 ;;Total ram usage:        1 bytes
   821 ;; Hardware stack levels used:    1
   822 ;; Hardware stack levels required when called:    1
   823 ;; This function calls:
   824 ;;		_clr_Timer
   825 ;; This function is called by:
   826 ;;		Interrupt level 2
   827 ;; This function uses a non-reentrant model
   828 ;;
   829                           
   830                           	psect	intcode
   831  000008                     __pintcode:
   832                           	opt callstack 0
   833  000008                     _ISR:
   834                           	opt callstack 26
   835                           
   836                           ;incstack = 0
   837  000008  8249               	bsf	int$flags,1,c	;set compiler interrupt flag (level 2)
   838  00000A                     
   839                           ;../setup.c: 93:     if(TMR0IF)
   840  00000A  A4F2               	btfss	4082,2,c	;volatile
   841  00000C  EF0A  F000         	goto	i2u9_41
   842  000010  EF0C  F000         	goto	i2u9_40
   843  000014                     i2u9_41:
   844  000014  EF21  F000         	goto	i2l93
   845  000018                     i2u9_40:
   846  000018                     
   847                           ;../setup.c: 94:     {;../setup.c: 95:         TMR0IF = 0;
   848  000018  94F2               	bcf	4082,2,c	;volatile
   849  00001A                     
   850                           ;../setup.c: 96:         clr_Timer();
   851  00001A  EC25  F001         	call	_clr_Timer	;wreg free
   852  00001E                     
   853                           ;../setup.c: 97:         LATBbits.LB2 = !LATBbits.LB2;
   854  00001E  A48A               	btfss	138,2,c	;volatile
   855  000020  EF14  F000         	goto	i2u10_41
   856  000024  EF18  F000         	goto	i2u10_40
   857  000028                     i2u10_41:
   858  000028  6A37               	clrf	??_ISR^0,c
   859  00002A  2A37               	incf	??_ISR^0,f,c
   860  00002C  EF19  F000         	goto	i2u11_48
   861  000030                     i2u10_40:
   862  000030  6A37               	clrf	??_ISR^0,c
   863  000032                     i2u11_48:
   864  000032  4637               	rlncf	??_ISR^0,f,c
   865  000034  4637               	rlncf	??_ISR^0,f,c
   866  000036  508A               	movf	138,w,c	;volatile
   867  000038  1837               	xorwf	??_ISR^0,w,c
   868  00003A  0BFB               	andlw	-5
   869  00003C  1837               	xorwf	??_ISR^0,w,c
   870  00003E  6E8A               	movwf	138,c	;volatile
   871  000040                     
   872                           ;../setup.c: 98:         gbTick++;
   873  000040  2A48               	incf	_gbTick^0,f,c
   874  000042                     i2l93:
   875  000042  9249               	bcf	int$flags,1,c	;clear compiler interrupt flag (level 2)
   876  000044  0011               	retfie		f
   877  000046                     __end_of_ISR:
   878                           	opt callstack 0
   879                           
   880 ;; *************** function _clr_Timer *****************
   881 ;; Defined at:
   882 ;;		line 85 in file "../setup.c"
   883 ;; Parameters:    Size  Location     Type
   884 ;;		None
   885 ;; Auto vars:     Size  Location     Type
   886 ;;		None
   887 ;; Return value:  Size  Location     Type
   888 ;;                  1    wreg      void 
   889 ;; Registers used:
   890 ;;		wreg, status,2
   891 ;; Tracked objects:
   892 ;;		On entry : 0/0
   893 ;;		On exit  : 0/0
   894 ;;		Unchanged: 0/0
   895 ;; Data sizes:     COMRAM   BANK0   BANK1   BANK2   BANK3   BANK4   BANK5
   896 ;;      Params:         0       0       0       0       0       0       0
   897 ;;      Locals:         0       0       0       0       0       0       0
   898 ;;      Temps:          0       0       0       0       0       0       0
   899 ;;      Totals:         0       0       0       0       0       0       0
   900 ;;Total ram usage:        0 bytes
   901 ;; Hardware stack levels used:    1
   902 ;; This function calls:
   903 ;;		Nothing
   904 ;; This function is called by:
   905 ;;		_ISR
   906 ;; This function uses a non-reentrant model
   907 ;;
   908                           
   909                           	psect	text8
   910  00024A                     __ptext8:
   911                           	opt callstack 0
   912  00024A                     _clr_Timer:
   913                           	opt callstack 26
   914  00024A                     
   915                           ;../setup.c: 87:     TMR0H = 0;
   916  00024A  0E00               	movlw	0
   917  00024C  6ED7               	movwf	215,c	;volatile
   918                           
   919                           ;../setup.c: 88:     TMR0L = 0;
   920  00024E  0E00               	movlw	0
   921  000250  6ED6               	movwf	214,c	;volatile
   922  000252  0012               	return		;funcret
   923  000254                     __end_of_clr_Timer:
   924                           	opt callstack 0
   925  0000                     
   926                           	psect	rparam
   927  0000                     
   928                           	psect	temp
   929  000049                     btemp:
   930                           	opt callstack 0
   931  000049                     	ds	1
   932  0000                     int$flags	set	btemp
   933  0000                     wtemp8	set	btemp+1
   934  0000                     ttemp5	set	btemp+1
   935  0000                     ttemp6	set	btemp+4
   936  0000                     ttemp7	set	btemp+8
   937                           tosu	equ	0xFFF
   938                           tosh	equ	0xFFE
   939                           tosl	equ	0xFFD
   940                           stkptr	equ	0xFFC
   941                           pclatu	equ	0xFFB
   942                           pclath	equ	0xFFA
   943                           pcl	equ	0xFF9
   944                           tblptru	equ	0xFF8
   945                           tblptrh	equ	0xFF7
   946                           tblptrl	equ	0xFF6
   947                           tablat	equ	0xFF5
   948                           prodh	equ	0xFF4
   949                           prodl	equ	0xFF3
   950                           indf0	equ	0xFEF
   951                           postinc0	equ	0xFEE
   952                           postdec0	equ	0xFED
   953                           preinc0	equ	0xFEC
   954                           plusw0	equ	0xFEB
   955                           fsr0h	equ	0xFEA
   956                           fsr0l	equ	0xFE9
   957                           wreg	equ	0xFE8
   958                           indf1	equ	0xFE7
   959                           postinc1	equ	0xFE6
   960                           postdec1	equ	0xFE5
   961                           preinc1	equ	0xFE4
   962                           plusw1	equ	0xFE3
   963                           fsr1h	equ	0xFE2
   964                           fsr1l	equ	0xFE1
   965                           bsr	equ	0xFE0
   966                           indf2	equ	0xFDF
   967                           postinc2	equ	0xFDE
   968                           postdec2	equ	0xFDD
   969                           preinc2	equ	0xFDC
   970                           plusw2	equ	0xFDB
   971                           fsr2h	equ	0xFDA
   972                           fsr2l	equ	0xFD9
   973                           status	equ	0xFD8


Data Sizes:
    Strings     0
    Constant    0
    Data        81
    BSS         5
    Persistent  0
    Stack       0

Auto Spaces:
    Space          Size  Autos    Used
    COMRAM           94     13      72
    BANK0           160      0      27
    BANK1           256      0       0
    BANK2           256      0       0
    BANK3           256      0       0
    BANK4           256      0       0
    BANK5           256      0       0

Pointer List with Targets:

    astLEDs.port	PTR volatile unsigned char  size(2) Largest target is 1
		 -> LATE(SFR[1]), LATC(SFR[1]), LATA(SFR[1]), LATB(SFR[1]), 
		 -> LATD(SFR[1]), 

    astOutputs.port	PTR volatile unsigned char  size(2) Largest target is 1
		 -> LATE(SFR[1]), LATC(SFR[1]), LATA(SFR[1]), LATB(SFR[1]), 
		 -> LATD(SFR[1]), 

    astInputs.port	PTR volatile unsigned char  size(2) Largest target is 1
		 -> LATE(SFR[1]), LATC(SFR[1]), LATA(SFR[1]), LATB(SFR[1]), 
		 -> LATD(SFR[1]), 

    get_IO@IO.port	PTR volatile unsigned char  size(2) Largest target is 1
		 -> LATE(SFR[1]), LATC(SFR[1]), LATA(SFR[1]), LATB(SFR[1]), 
		 -> LATD(SFR[1]), 

    S70gstGPIO$port	PTR volatile unsigned char  size(2) Largest target is 1
		 -> LATE(SFR[1]), LATC(SFR[1]), LATA(SFR[1]), LATB(SFR[1]), 
		 -> LATD(SFR[1]), 

    set_IO@IO.port	PTR volatile unsigned char  size(2) Largest target is 1
		 -> LATE(SFR[1]), LATC(SFR[1]), LATA(SFR[1]), LATB(SFR[1]), 
		 -> LATD(SFR[1]), 

    set_IO@IO	PTR struct gstGPIO size(2) Largest target is 36
		 -> astLEDs(COMRAM[27]), 

    set_IO@ucLocal	PTR volatile unsigned char  size(2) Largest target is 1
		 -> LATE(SFR[1]), LATC(SFR[1]), LATA(SFR[1]), LATB(SFR[1]), 
		 -> LATD(SFR[1]), 


Critical Paths under _main in COMRAM

    _walk_LEDs->_set_IO
    _setup->_all_LEDs
    _all_LEDs->_set_IO

Critical Paths under _ISR in COMRAM

    None.

Critical Paths under _main in BANK0

    None.

Critical Paths under _ISR in BANK0

    None.

Critical Paths under _main in BANK1

    None.

Critical Paths under _ISR in BANK1

    None.

Critical Paths under _main in BANK2

    None.

Critical Paths under _ISR in BANK2

    None.

Critical Paths under _main in BANK3

    None.

Critical Paths under _ISR in BANK3

    None.

Critical Paths under _main in BANK4

    None.

Critical Paths under _ISR in BANK4

    None.

Critical Paths under _main in BANK5

    None.

Critical Paths under _ISR in BANK5

    None.

Call Graph Tables:

 ---------------------------------------------------------------------------------
 (Depth) Function   	        Calls       Base Space   Used Autos Params    Refs
 ---------------------------------------------------------------------------------
 (0) _main                                                 0     0      0    1834
                              _setup
                          _walk_LEDs
 ---------------------------------------------------------------------------------
 (1) _walk_LEDs                                            0     0      0     883
                             _set_IO
 ---------------------------------------------------------------------------------
 (1) _setup                                                0     0      0     951
                           _IO_setup
          _Timer_and_Interrupt_setup
                           _all_LEDs
 ---------------------------------------------------------------------------------
 (2) _all_LEDs                                             1     1      0     951
                                             12 COMRAM     1     1      0
                             _set_IO
 ---------------------------------------------------------------------------------
 (2) _set_IO                                              11     7      4     883
                                              1 COMRAM    11     7      4
 ---------------------------------------------------------------------------------
 (2) _Timer_and_Interrupt_setup                            0     0      0       0
 ---------------------------------------------------------------------------------
 (2) _IO_setup                                             0     0      0       0
 ---------------------------------------------------------------------------------
 Estimated maximum stack depth 2
 ---------------------------------------------------------------------------------
 (Depth) Function   	        Calls       Base Space   Used Autos Params    Refs
 ---------------------------------------------------------------------------------
 (4) _ISR                                                  1     1      0       0
                                              0 COMRAM     1     1      0
                          _clr_Timer
 ---------------------------------------------------------------------------------
 (5) _clr_Timer                                            0     0      0       0
 ---------------------------------------------------------------------------------
 Estimated maximum stack depth 5
 ---------------------------------------------------------------------------------

 Call Graph Graphs:

 _main (ROOT)
   _setup
     _IO_setup
     _Timer_and_Interrupt_setup
     _all_LEDs
       _set_IO
   _walk_LEDs
     _set_IO

 _ISR (ROOT)
   _clr_Timer

 Address spaces:
Name               Size   Autos  Total    Cost      Usage
BIGRAM             5FF      0       0      17        0.0%
EEDATA             100      0       0       0        0.0%
BITBANK5           100      0       0      16        0.0%
BANK5              100      0       0      14        0.0%
BITBANK4           100      0       0      12        0.0%
BANK4              100      0       0      13        0.0%
BITBANK3           100      0       0      10        0.0%
BANK3              100      0       0      11        0.0%
BITBANK2           100      0       0       8        0.0%
BANK2              100      0       0       9        0.0%
BITBANK1           100      0       0       6        0.0%
BANK1              100      0       0       7        0.0%
BITBANK0            A0      0       0       4        0.0%
BANK0               A0      0      1B       5       16.9%
BITCOMRAM           5E      0       0       0        0.0%
COMRAM              5E      D      48       1       76.6%
BITSFR               0      0       0     200        0.0%
SFR                  0      0       0     200        0.0%
STACK                0      0       0       2        0.0%
NULL                 0      0       0       0        0.0%
ABS                  0      0      63      15        0.0%
DATA                 0      0      63       3        0.0%
CODE                 0      0       0       0        0.0%


Microchip Technology PIC18 Macro Assembler V2.10 build 88905656 
Symbol Table                                                                                   Fri Apr 17 22:15:10 2020

                                l27 0234                                  l71 010C  
                                l81 01DE                                  l84 0248  
                               l106 022E                                 l142 01C2  
                               l145 0214                                 l831 01CC  
                               l841 01D6                                 l833 01CE  
                               l843 01D8                                 l835 01D0  
                               l845 01DA                                 l837 01D2  
                               l829 01C4                                 l847 01DC  
                               l839 01D4                                 l849 0240  
                               l961 007A                                 l963 00C2  
                               l971 019C                                 l957 004A  
                               l973 01B0                                 l965 0198  
                               l981 021C                                 l959 006A  
                               l975 01B2                                 l991 022A  
                               l983 0222                                 l985 0224  
                               l977 0216                                 l993 01FC  
                               l987 0226                                 l979 0218  
                               l995 0230                                 l989 0228  
                               u200 01C2                                 u201 01BE  
                               u170 007A                                 u171 0076  
                               u184 00AC                                 u185 00A8  
                               u194 00F4                                 u195 00F0  
                               _ISR 0008                        __CFG_LVP$OFF 000000  
                              ?_ISR 0037                                _LATA 000F89  
                              _LATB 000F8A                                _LATC 000F8B  
                              _LATD 000F8C                                _LATE 000F8D  
                              i2l93 0042                                i2l87 0252  
                              _main 0230                                fsr2h 000FDA  
                              indf2 000FDF                                fsr1l 000FE1  
                              fsr2l 000FD9                                btemp 0049  
                              prodh 000FF4                                prodl 000FF3  
                              start 0046                        ___param_bank 000000  
                             ??_ISR 0037                               ?_main 0037  
                             _T0CON 000FD5                               i2l931 0040  
                             i2l923 000A                               i2l925 0018  
                             i2l927 001A                               i2l929 001E  
                             i2l889 024A                               _TMR0H 000FD7  
                             _TMR0L 000FD6                               _TRISA 000F92  
                             _TRISC 000F94                               _TRISD 000F95  
                             _setup 0216                    __end_of_IO_setup 01E0  
                             tablat 000FF5                               ttemp5 004A  
                             ttemp6 004D                               ttemp7 0051  
                             status 000FD8                               wtemp8 004A  
                   __initialization 010E                        __end_of_main 0240  
                            ??_main 0044                       __activetblptr 000000  
               heartbeat@ucOverFlow 0046         ??_Timer_and_Interrupt_setup 0038  
                            ?_setup 0037                      __CFG_WDTEN$OFF 000000  
                            _OSCCON 000FD3                    __end_of_all_LEDs 01C4  
                            _TMR0IF 007F92                              i2u9_40 0018  
                            i2u9_41 0014                              _gbTick 0048  
                            _set_IO 004A                        __pdataCOMRAM 0001  
                            tblptrh 000FF7                              tblptrl 000FF6  
                            tblptru 000FF8                          __accesstop 0060  
           __end_of__initialization 0158                       ___rparam_used 000001  
                     set_IO@ucLocal 0041           _Timer_and_Interrupt_setup 0240  
                    __pcstackCOMRAM 0037                        __pidataBANK0 01E0  
                     __end_of_setup 0230                           ?_IO_setup 0037  
                __size_of_clr_Timer 000A                             ??_setup 0044  
                __size_of_walk_LEDs 001A                             ?_set_IO 0038  
                        ??_IO_setup 0038                           ?_all_LEDs 0037  
                           i2u10_40 0030                             i2u10_41 0028  
                           i2u11_48 0032                          _astOutputs 0060  
                        all_LEDs@uc 0043                   __end_of_clr_Timer 0254  
                           __Hparam 0000                             __Lparam 0000  
                           __pcinit 010E                             _astLEDs 001C  
                           __ramtop 0600                     __size_of_set_IO 00C4  
                           __ptext0 0230                             __ptext1 01FC  
                           __ptext2 0216                             __ptext3 0198  
                           __ptext4 004A                             __ptext5 0240  
                           __ptext6 01C4                             __ptext8 024A  
                         _T0CONbits 000FD5                        __size_of_ISR 003E  
                        ??_all_LEDs 0043                end_of_initialization 0158  
                 __end_of_walk_LEDs 0216                             postdec1 000FE5  
                           postdec2 000FDD                             postinc0 000FEE  
                           postinc2 000FDE  __size_of_Timer_and_Interrupt_setup 000A  
                         _TRISBbits 000F93                           _TRISEbits 000F96  
              heartbeat@uwStartTime 0044                       __pidataCOMRAM 0162  
                    __end_of_set_IO 010E                   __size_of_IO_setup 001C  
               start_initialization 010E                         __end_of_ISR 0046  
                       __pdataBANK0 0060                            ??_set_IO 003C  
                      set_IO@bValue 003B                         __pbssCOMRAM 0044  
                 __size_of_all_LEDs 002C                    heartbeat@nbFirst 0047  
                        set_IO@item 003A                           __pintcode 0008  
                         _clr_Timer 024A                           _astInputs 0001  
                    __size_of_setup 001A                            _LATBbits 000F8A  
                          _LATEbits 000F8D                           _walk_LEDs 01FC  
                        ?_clr_Timer 0037                            _IO_setup 01C4  
                         copy_data0 0122                           copy_data1 0142  
                        ?_walk_LEDs 0037                            __Hrparam 0000  
                          __Lrparam 0000                            _all_LEDs 0198  
                     __size_of_main 0010                         ??_clr_Timer 0037  
                          int$flags 0049          ?_Timer_and_Interrupt_setup 0037  
                        _INTCONbits 000FF2                            intlevel2 0000  
                          set_IO@IO 0038                         ??_walk_LEDs 0043  
 __end_of_Timer_and_Interrupt_setup 024A                   __CFG_FOSC$INTIO67 000000  
